<?xml version="1.0" encoding="UTF-8"?>
<testng-results ignored="0" total="2" passed="2" failed="0" skipped="0">
  <reporter-output>
  </reporter-output>
  <suite started-at="2020-04-13T15:21:20 CEST" name="Default suite" finished-at="2020-04-13T15:21:41 CEST" duration-ms="21082">
    <groups>
    </groups>
    <test started-at="2020-04-13T15:21:20 CEST" name="Default test" finished-at="2020-04-13T15:21:41 CEST" duration-ms="21082">
      <class name="keys.KeysTypingTest">
        <test-method is-config="true" signature="setUp()[pri:0, instance:keys.KeysTypingTest@313b2ea6]" started-at="2020-04-13T15:21:20 CEST" name="setUp" finished-at="2020-04-13T15:21:32 CEST" duration-ms="11802" status="PASS">
          <reporter-output>
          </reporter-output>
        </test-method> <!-- setUp -->
        <test-method is-config="true" signature="goHome()[pri:0, instance:keys.KeysTypingTest@313b2ea6]" started-at="2020-04-13T15:21:32 CEST" name="goHome" finished-at="2020-04-13T15:21:33 CEST" duration-ms="444" status="PASS">
          <reporter-output>
          </reporter-output>
        </test-method> <!-- goHome -->
        <test-method signature="testBackspace()[pri:0, instance:keys.KeysTypingTest@313b2ea6]" started-at="2020-04-13T15:21:33 CEST" name="testBackspace" finished-at="2020-04-13T15:21:39 CEST" duration-ms="6928" status="PASS">
          <reporter-output>
          </reporter-output>
        </test-method> <!-- testBackspace -->
        <test-method is-config="true" signature="goHome()[pri:0, instance:keys.KeysTypingTest@313b2ea6]" started-at="2020-04-13T15:21:39 CEST" name="goHome" finished-at="2020-04-13T15:21:40 CEST" duration-ms="355" status="PASS">
          <reporter-output>
          </reporter-output>
        </test-method> <!-- goHome -->
        <test-method signature="testMultiButtonPress()[pri:0, instance:keys.KeysTypingTest@313b2ea6]" started-at="2020-04-13T15:21:40 CEST" name="testMultiButtonPress" finished-at="2020-04-13T15:21:41 CEST" duration-ms="764" status="PASS">
          <reporter-output>
          </reporter-output>
        </test-method> <!-- testMultiButtonPress -->
        <test-method is-config="true" signature="tearDown()[pri:0, instance:keys.KeysTypingTest@313b2ea6]" started-at="2020-04-13T15:21:41 CEST" name="tearDown" finished-at="2020-04-13T15:21:41 CEST" duration-ms="682" status="PASS">
          <reporter-output>
          </reporter-output>
        </test-method> <!-- tearDown -->
      </class> <!-- keys.KeysTypingTest -->
    </test> <!-- Default test -->
  </suite> <!-- Default suite -->
</testng-results>
